<?xml version="1.0" encoding="UTF-8"?>
<testsuite xmlns:xsi="http://www.w3.org/2001/XMLSchema-instance" xsi:noNamespaceSchemaLocation="https://maven.apache.org/surefire/maven-surefire-plugin/xsd/surefire-test-report-3.0.xsd" version="3.0" name="com.backend.attendance.AttendanceApplicationTests" time="7.96" tests="1" errors="0" skipped="0" failures="0">
  <properties>
[...]
</properties>
  <testcase name="contextLoads" classname="com.backend.attendance.AttendanceApplicationTests" time="0.998">
    <system-out><![CDATA[11:25:34.930 [main] INFO org.springframework.test.context.support.AnnotationConfigContextLoaderUtils -- Could not detect default configuration classes for test class [com.backend.attendance.AttendanceApplicationTests]: AttendanceApplicationTests does not declare any static, non-private, non-final, nested classes annotated with @Configuration.
11:25:35.102 [main] INFO org.springframework.boot.test.context.SpringBootTestContextBootstrapper -- Found @SpringBootConfiguration com.backend.attendance.AttendanceApplication for test class com.backend.attendance.AttendanceApplicationTests
11:25:35.330 [main] INFO org.springframework.boot.devtools.restart.RestartApplicationListener -- Restart disabled due to context in which it is running

  .   ____          _            __ _ _
 /\\ / ___'_ __ _ _(_)_ __  __ _ \ \ \ \
( ( )\___ | '_ | '_| | '_ \/ _` | \ \ \ \
 \\/  ___)| |_)| | | | | || (_| |  ) ) ) )
  '  |____| .__|_| |_|_| |_\__, | / / / /
 =========|_|==============|___/=/_/_/_/
 :: Spring Boot ::                (v3.2.2)

2026-02-19T11:25:35.732+05:30  INFO 18536 --- [backend] [           main] c.b.a.AttendanceApplicationTests         : Starting AttendanceApplicationTests using Java 21.0.9 with PID 18536 (started by 91780 in C:\Users\91780\OneDrive\Desktop\AttendanceSystem\backend)
2026-02-19T11:25:35.736+05:30  INFO 18536 --- [backend] [           main] c.b.a.AttendanceApplicationTests         : No active profile set, falling back to 1 default profile: "default"
2026-02-19T11:25:36.687+05:30  INFO 18536 --- [backend] [           main] .s.d.r.c.RepositoryConfigurationDelegate : Bootstrapping Spring Data MongoDB repositories in DEFAULT mode.
2026-02-19T11:25:36.781+05:30  INFO 18536 --- [backend] [           main] .s.d.r.c.RepositoryConfigurationDelegate : Finished Spring Data repository scanning in 87 ms. Found 4 MongoDB repository interfaces.
2026-02-19T11:25:38.477+05:30  INFO 18536 --- [backend] [           main] org.mongodb.driver.client                : MongoClient with metadata {"driver": {"name": "mongo-java-driver|sync|spring-boot", "version": "4.11.1"}, "os": {"type": "Windows", "name": "Windows 11", "architecture": "amd64", "version": "10.0"}, "platform": "Java/Oracle Corporation/21.0.9+7-LTS-338"} created with settings MongoClientSettings{readPreference=primary, writeConcern=WriteConcern{w=null, wTimeout=null ms, journal=null}, retryWrites=true, retryReads=true, readConcern=ReadConcern{level=null}, credential=MongoCredential{mechanism=null, userName='mrsivakumar216_db_user', source='admin', password=<hidden>, mechanismProperties=<hidden>}, transportSettings=null, streamFactoryFactory=null, commandListeners=[], codecRegistry=ProvidersCodecRegistry{codecProviders=[ValueCodecProvider{}, BsonValueCodecProvider{}, DBRefCodecProvider{}, DBObjectCodecProvider{}, DocumentCodecProvider{}, CollectionCodecProvider{}, IterableCodecProvider{}, MapCodecProvider{}, GeoJsonCodecProvider{}, GridFSFileCodecProvider{}, Jsr310CodecProvider{}, JsonObjectCodecProvider{}, BsonCodecProvider{}, EnumCodecProvider{}, com.mongodb.client.model.mql.ExpressionCodecProvider@4519f676, com.mongodb.Jep395RecordCodecProvider@78ec89a6, com.mongodb.KotlinCodecProvider@3596b249]}, loggerSettings=LoggerSettings{maxDocumentLength=1000}, clusterSettings={hosts=[127.0.0.1:27017], srvHost=attendancesystem.d0l4ror.mongodb.net, srvServiceName=mongodb, mode=MULTIPLE, requiredClusterType=REPLICA_SET, requiredReplicaSetName='atlas-y27iqe-shard-0', serverSelector='null', clusterListeners='[]', serverSelectionTimeout='30000 ms', localThreshold='15 ms'}, socketSettings=SocketSettings{connectTimeoutMS=10000, readTimeoutMS=0, receiveBufferSize=0, proxySettings=ProxySettings{host=null, port=null, username=null, password=null}}, heartbeatSocketSettings=SocketSettings{connectTimeoutMS=10000, readTimeoutMS=10000, receiveBufferSize=0, proxySettings=ProxySettings{host=null, port=null, username=null, password=null}}, connectionPoolSettings=ConnectionPoolSettings{maxSize=100, minSize=0, maxWaitTimeMS=120000, maxConnectionLifeTimeMS=0, maxConnectionIdleTimeMS=0, maintenanceInitialDelayMS=0, maintenanceFrequencyMS=60000, connectionPoolListeners=[], maxConnecting=2}, serverSettings=ServerSettings{heartbeatFrequencyMS=10000, minHeartbeatFrequencyMS=500, serverListeners='[]', serverMonitorListeners='[]'}, sslSettings=SslSettings{enabled=true, invalidHostNameAllowed=false, context=null}, applicationName='null', compressorList=[], uuidRepresentation=JAVA_LEGACY, serverApi=null, autoEncryptionSettings=null, dnsClient=null, inetAddressResolver=null, contextProvider=null}
2026-02-19T11:25:38.893+05:30  INFO 18536 --- [backend] [           main] org.mongodb.driver.cluster               : No server chosen by WritableServerSelector from cluster description ClusterDescription{type=UNKNOWN, connectionMode=MULTIPLE, serverDescriptions=[]}. Waiting for 30000 ms before timing out
2026-02-19T11:25:39.520+05:30  INFO 18536 --- [backend] [ror.mongodb.net] org.mongodb.driver.cluster               : Adding discovered server ac-nmajbdi-shard-00-02.d0l4ror.mongodb.net:27017 to client view of cluster
2026-02-19T11:25:39.549+05:30  INFO 18536 --- [backend] [ror.mongodb.net] org.mongodb.driver.cluster               : Adding discovered server ac-nmajbdi-shard-00-01.d0l4ror.mongodb.net:27017 to client view of cluster
2026-02-19T11:25:39.551+05:30  INFO 18536 --- [backend] [ror.mongodb.net] org.mongodb.driver.cluster               : Adding discovered server ac-nmajbdi-shard-00-00.d0l4ror.mongodb.net:27017 to client view of cluster
2026-02-19T11:25:40.222+05:30  INFO 18536 --- [backend] [ngodb.net:27017] org.mongodb.driver.cluster               : Monitor thread successfully connected to server with description ServerDescription{address=ac-nmajbdi-shard-00-01.d0l4ror.mongodb.net:27017, type=REPLICA_SET_SECONDARY, state=CONNECTED, ok=true, minWireVersion=0, maxWireVersion=25, maxDocumentSize=16777216, logicalSessionTimeoutMinutes=30, roundTripTimeNanos=343791600, setName='atlas-y27iqe-shard-0', canonicalAddress=ac-nmajbdi-shard-00-01.d0l4ror.mongodb.net:27017, hosts=[ac-nmajbdi-shard-00-02.d0l4ror.mongodb.net:27017, ac-nmajbdi-shard-00-00.d0l4ror.mongodb.net:27017, ac-nmajbdi-shard-00-01.d0l4ror.mongodb.net:27017], passives=[], arbiters=[], primary='ac-nmajbdi-shard-00-02.d0l4ror.mongodb.net:27017', tagSet=TagSet{[Tag{name='availabilityZone', value='aps1-az3'}, Tag{name='diskState', value='READY'}, Tag{name='nodeType', value='ELECTABLE'}, Tag{name='provider', value='AWS'}, Tag{name='region', value='AP_SOUTH_1'}, Tag{name='workloadType', value='OPERATIONAL'}]}, electionId=null, setVersion=264, topologyVersion=TopologyVersion{processId=698f996c6902188797393548, counter=3}, lastWriteDate=Thu Feb 19 11:25:38 IST 2026, lastUpdateTimeNanos=87508245292200}
2026-02-19T11:25:40.223+05:30  INFO 18536 --- [backend] [ngodb.net:27017] org.mongodb.driver.cluster               : Monitor thread successfully connected to server with description ServerDescription{address=ac-nmajbdi-shard-00-02.d0l4ror.mongodb.net:27017, type=REPLICA_SET_PRIMARY, state=CONNECTED, ok=true, minWireVersion=0, maxWireVersion=25, maxDocumentSize=16777216, logicalSessionTimeoutMinutes=30, roundTripTimeNanos=286896100, setName='atlas-y27iqe-shard-0', canonicalAddress=ac-nmajbdi-shard-00-02.d0l4ror.mongodb.net:27017, hosts=[ac-nmajbdi-shard-00-02.d0l4ror.mongodb.net:27017, ac-nmajbdi-shard-00-00.d0l4ror.mongodb.net:27017, ac-nmajbdi-shard-00-01.d0l4ror.mongodb.net:27017], passives=[], arbiters=[], primary='ac-nmajbdi-shard-00-02.d0l4ror.mongodb.net:27017', tagSet=TagSet{[Tag{name='availabilityZone', value='aps1-az2'}, Tag{name='diskState', value='READY'}, Tag{name='nodeType', value='ELECTABLE'}, Tag{name='provider', value='AWS'}, Tag{name='region', value='AP_SOUTH_1'}, Tag{name='workloadType', value='OPERATIONAL'}]}, electionId=7fffffff0000000000000255, setVersion=264, topologyVersion=TopologyVersion{processId=698f971549b362b3fc9f3753, counter=6}, lastWriteDate=Thu Feb 19 11:25:38 IST 2026, lastUpdateTimeNanos=87508245292200}
2026-02-19T11:25:40.226+05:30  INFO 18536 --- [backend] [ngodb.net:27017] org.mongodb.driver.cluster               : Discovered replica set primary ac-nmajbdi-shard-00-02.d0l4ror.mongodb.net:27017 with max election id 7fffffff0000000000000255 and max set version 264
2026-02-19T11:25:40.230+05:30  INFO 18536 --- [backend] [ngodb.net:27017] org.mongodb.driver.cluster               : Monitor thread successfully connected to server with description ServerDescription{address=ac-nmajbdi-shard-00-00.d0l4ror.mongodb.net:27017, type=REPLICA_SET_SECONDARY, state=CONNECTED, ok=true, minWireVersion=0, maxWireVersion=25, maxDocumentSize=16777216, logicalSessionTimeoutMinutes=30, roundTripTimeNanos=115285900, setName='atlas-y27iqe-shard-0', canonicalAddress=ac-nmajbdi-shard-00-00.d0l4ror.mongodb.net:27017, hosts=[ac-nmajbdi-shard-00-02.d0l4ror.mongodb.net:27017, ac-nmajbdi-shard-00-00.d0l4ror.mongodb.net:27017, ac-nmajbdi-shard-00-01.d0l4ror.mongodb.net:27017], passives=[], arbiters=[], primary='ac-nmajbdi-shard-00-02.d0l4ror.mongodb.net:27017', tagSet=TagSet{[Tag{name='availabilityZone', value='aps1-az1'}, Tag{name='diskState', value='READY'}, Tag{name='nodeType', value='ELECTABLE'}, Tag{name='provider', value='AWS'}, Tag{name='region', value='AP_SOUTH_1'}, Tag{name='workloadType', value='OPERATIONAL'}]}, electionId=null, setVersion=264, topologyVersion=TopologyVersion{processId=698f945842427c4c72f6557a, counter=4}, lastWriteDate=Thu Feb 19 11:25:38 IST 2026, lastUpdateTimeNanos=87508254564900}
2026-02-19T11:25:41.616+05:30  INFO 18536 --- [backend] [           main] c.b.a.AttendanceApplicationTests         : Started AttendanceApplicationTests in 6.303 seconds (process running for 7.457)
]]></system-out>
    <system-err><![CDATA[WARNING: A Java agent has been loaded dynamically (C:\Users\91780\.m2\repository\net\bytebuddy\byte-buddy-agent\1.14.11\byte-buddy-agent-1.14.11.jar)
WARNING: If a serviceability tool is in use, please run with -XX:+EnableDynamicAgentLoading to hide this warning
WARNING: If a serviceability tool is not in use, please run with -Djdk.instrument.traceUsage for more information
WARNING: Dynamic loading of agents will be disallowed by default in a future release
]]></system-err>
  </testcase>
</testsuite>